Determining if the pthread_create exist failed with the following output:
Change Dir: /home/yunong/group_surfing_ws/src/gazebo_plugin/plannar_mover_plugin/build/CMakeFiles/CMakeTmp

Run Build Command:"/usr/bin/make" "cmTC_99fe3/fast"
/usr/bin/make -f CMakeFiles/cmTC_99fe3.dir/build.make CMakeFiles/cmTC_99fe3.dir/build
make[1]: 进入目录“/home/yunong/group_surfing_ws/src/gazebo_plugin/plannar_mover_plugin/build/CMakeFiles/CMakeTmp”
Building C object CMakeFiles/cmTC_99fe3.dir/CheckSymbolExists.c.o
/usr/bin/cc    -o CMakeFiles/cmTC_99fe3.dir/CheckSymbolExists.c.o   -c /home/yunong/group_surfing_ws/src/gazebo_plugin/plannar_mover_plugin/build/CMakeFiles/CMakeTmp/CheckSymbolExists.c
Linking C executable cmTC_99fe3
/usr/bin/cmake -E cmake_link_script CMakeFiles/cmTC_99fe3.dir/link.txt --verbose=1
/usr/bin/cc      -rdynamic CMakeFiles/cmTC_99fe3.dir/CheckSymbolExists.c.o  -o cmTC_99fe3 
CMakeFiles/cmTC_99fe3.dir/CheckSymbolExists.c.o：在函数‘main’中：
CheckSymbolExists.c:(.text+0x1b)：对‘pthread_create’未定义的引用
collect2: error: ld returned 1 exit status
CMakeFiles/cmTC_99fe3.dir/build.make:97: recipe for target 'cmTC_99fe3' failed
make[1]: *** [cmTC_99fe3] Error 1
make[1]: 离开目录“/home/yunong/group_surfing_ws/src/gazebo_plugin/plannar_mover_plugin/build/CMakeFiles/CMakeTmp”
Makefile:126: recipe for target 'cmTC_99fe3/fast' failed
make: *** [cmTC_99fe3/fast] Error 2

File /home/yunong/group_surfing_ws/src/gazebo_plugin/plannar_mover_plugin/build/CMakeFiles/CMakeTmp/CheckSymbolExists.c:
/* */
#include <pthread.h>

int main(int argc, char** argv)
{
  (void)argv;
#ifndef pthread_create
  return ((int*)(&pthread_create))[argc];
#else
  (void)argc;
  return 0;
#endif
}

Determining if the function pthread_create exists in the pthreads failed with the following output:
Change Dir: /home/yunong/group_surfing_ws/src/gazebo_plugin/plannar_mover_plugin/build/CMakeFiles/CMakeTmp

Run Build Command:"/usr/bin/make" "cmTC_db005/fast"
/usr/bin/make -f CMakeFiles/cmTC_db005.dir/build.make CMakeFiles/cmTC_db005.dir/build
make[1]: 进入目录“/home/yunong/group_surfing_ws/src/gazebo_plugin/plannar_mover_plugin/build/CMakeFiles/CMakeTmp”
Building C object CMakeFiles/cmTC_db005.dir/CheckFunctionExists.c.o
/usr/bin/cc   -DCHECK_FUNCTION_EXISTS=pthread_create   -o CMakeFiles/cmTC_db005.dir/CheckFunctionExists.c.o   -c /usr/share/cmake-3.10/Modules/CheckFunctionExists.c
Linking C executable cmTC_db005
/usr/bin/cmake -E cmake_link_script CMakeFiles/cmTC_db005.dir/link.txt --verbose=1
/usr/bin/cc  -DCHECK_FUNCTION_EXISTS=pthread_create    -rdynamic CMakeFiles/cmTC_db005.dir/CheckFunctionExists.c.o  -o cmTC_db005 -lpthreads 
/usr/bin/ld: 找不到 -lpthreads
collect2: error: ld returned 1 exit status
CMakeFiles/cmTC_db005.dir/build.make:97: recipe for target 'cmTC_db005' failed
make[1]: *** [cmTC_db005] Error 1
make[1]: 离开目录“/home/yunong/group_surfing_ws/src/gazebo_plugin/plannar_mover_plugin/build/CMakeFiles/CMakeTmp”
Makefile:126: recipe for target 'cmTC_db005/fast' failed
make: *** [cmTC_db005/fast] Error 2


